<?xml version="1.0" encoding="UTF-8"?>
<!-- Generated by org.testng.reporters.JUnitXMLReporter -->
<testsuite hostname="LAPTOP-LVGKT8ME" ignored="0" name="Surefire test" tests="8" failures="0" timestamp="2023-03-23T14:26:07 IST" time="17.146" errors="0">
  <testcase name="testPostUser" time="4.568" classname="api.test.UserEndPoint_propertiesFile_Test"/>
  <testcase name="testGetUserByName" time="1.225" classname="api.test.UserEndPoint_propertiesFile_Test"/>
  <testcase name="testUpdateUserByName" time="2.831" classname="api.test.UserEndPoint_propertiesFile_Test"/>
  <testcase name="testDeleteUserByName" time="1.464" classname="api.test.UserEndPoint_propertiesFile_Test"/>
  <testcase name="testPostUser" time="1.53" classname="api.test.UserTest"/>
  <testcase name="testGetUserByName" time="1.171" classname="api.test.UserTest"/>
  <testcase name="testUpdateUserByName" time="2.691" classname="api.test.UserTest"/>
  <testcase name="testDeleteUserByName" time="1.299" classname="api.test.UserTest"/>
</testsuite> <!-- Surefire test -->
