<?xml version="1.0" encoding="UTF-8"?>
<!-- Generated by org.testng.reporters.JUnitXMLReporter -->
<testsuite ignored="0" hostname="LAPTOP-LVGKT8ME" failures="0" tests="4" name="Default test" time="8.354" errors="0" timestamp="2023-03-21T15:01:08 IST">
  <testcase classname="api.test.UserEndPoint_propertiesFile_Test" name="testPostUser" time="3.303"/>
  <testcase classname="api.test.UserEndPoint_propertiesFile_Test" name="testGetUserByName" time="1.193"/>
  <testcase classname="api.test.UserEndPoint_propertiesFile_Test" name="testUpdateUserByName" time="2.43"/>
  <testcase classname="api.test.UserEndPoint_propertiesFile_Test" name="testDeleteUserByName" time="1.164"/>
</testsuite> <!-- Default test -->
