<?xml version="1.0" encoding="UTF-8"?>
<testsuite xmlns:xsi="http://www.w3.org/2001/XMLSchema-instance" xsi:noNamespaceSchemaLocation="https://maven.apache.org/surefire/maven-surefire-plugin/xsd/surefire-test-report-3.0.xsd" version="3.0" name="TestSuite" time="18" tests="8" errors="0" skipped="0" failures="0">
  <properties>
[...]
</properties>
  <testcase name="testPostUser" classname="api.test.UserEndPoint_propertiesFile_Test" time="4.567"/>
  <testcase name="testGetUserByName" classname="api.test.UserEndPoint_propertiesFile_Test" time="1.225"/>
  <testcase name="testUpdateUserByName" classname="api.test.UserEndPoint_propertiesFile_Test" time="2.829"/>
  <testcase name="testDeleteUserByName" classname="api.test.UserEndPoint_propertiesFile_Test" time="1.466"/>
  <testcase name="testPostUser" classname="api.test.UserTest" time="1.528"/>
  <testcase name="testGetUserByName" classname="api.test.UserTest" time="1.171"/>
  <testcase name="testUpdateUserByName" classname="api.test.UserTest" time="2.686"/>
  <testcase name="testDeleteUserByName" classname="api.test.UserTest" time="1.298"/>
</testsuite>